# JRE version: OpenJDK Runtime Environment (11.0.8+10) (build 11.0.8+10-post-Ubuntu-0ubuntu118.04.1)
# Java VM: OpenJDK 64-Bit Server VM (11.0.8+10-post-Ubuntu-0ubuntu118.04.1, mixed mode, sharing, tiered, compressed oops, serial gc, linux-amd64)
Heap:
 def new generation   total 2432K, used 1537K [0x00000000f8000000, 0x00000000f82a0000, 0x00000000faaa0000)
  eden space 2176K,  68% used [0x00000000f8000000, 0x00000000f8174f60, 0x00000000f8220000)
  from space 256K,  17% used [0x00000000f8260000, 0x00000000f826b710, 0x00000000f82a0000)
  to   space 256K,   0% used [0x00000000f8220000, 0x00000000f8220000, 0x00000000f8260000)
 tenured generation   total 5504K, used 5092K [0x00000000faaa0000, 0x00000000fb000000, 0x0000000100000000)
   the space 5504K,  92% used [0x00000000faaa0000, 0x00000000faf99008, 0x00000000faf99200, 0x00000000fb000000)
 Metaspace       used 9097K, capacity 9532K, committed 9856K, reserved 1058816K
  class space    used 908K, capacity 1092K, committed 1152K, reserved 1048576K
GC Heap History (20 events):
Event: 13.855 GC heap before
{Heap before GC invocations=3 (full 0):
 def new generation   total 2432K, used 2432K [0x00000000f8000000, 0x00000000f82a0000, 0x00000000faaa0000)
  eden space 2176K, 100% used [0x00000000f8000000, 0x00000000f8220000, 0x00000000f8220000)
  from space 256K, 100% used [0x00000000f8260000, 0x00000000f82a0000, 0x00000000f82a0000)
  to   space 256K,   0% used [0x00000000f8220000, 0x00000000f8220000, 0x00000000f8260000)
 tenured generation   total 5504K, used 1387K [0x00000000faaa0000, 0x00000000fb000000, 0x0000000100000000)
   the space 5504K,  25% used [0x00000000faaa0000, 0x00000000fabfac48, 0x00000000fabfae00, 0x00000000fb000000)
 Metaspace       used 7339K, capacity 7733K, committed 7936K, reserved 1056768K
  class space    used 772K, capacity 962K, committed 1024K, reserved 1048576K
}
Event: 13.858 GC heap after
{Heap after GC invocations=4 (full 0):
 def new generation   total 2432K, used 255K [0x00000000f8000000, 0x00000000f82a0000, 0x00000000faaa0000)
  eden space 2176K,   0% used [0x00000000f8000000, 0x00000000f8000000, 0x00000000f8220000)
  from space 256K,  99% used [0x00000000f8220000, 0x00000000f825fff8, 0x00000000f8260000)
  to   space 256K,   0% used [0x00000000f8260000, 0x00000000f8260000, 0x00000000f82a0000)
 tenured generation   total 5504K, used 1791K [0x00000000faaa0000, 0x00000000fb000000, 0x0000000100000000)
   the space 5504K,  32% used [0x00000000faaa0000, 0x00000000fac5fc60, 0x00000000fac5fe00, 0x00000000fb000000)
 Metaspace       used 7339K, capacity 7733K, committed 7936K, reserved 1056768K
  class space    used 772K, capacity 962K, committed 1024K, reserved 1048576K
}
Event: 14.082 GC heap before
{Heap before GC invocations=4 (full 0):
 def new generation   total 2432K, used 1504K [0x00000000f8000000, 0x00000000f82a0000, 0x00000000faaa0000)
  eden space 2176K,  57% used [0x00000000f8000000, 0x00000000f81380e0, 0x00000000f8220000)
  from space 256K,  99% used [0x00000000f8220000, 0x00000000f825fff8, 0x00000000f8260000)
  to   space 256K,   0% used [0x00000000f8260000, 0x00000000f8260000, 0x00000000f82a0000)
 tenured generation   total 5504K, used 1791K [0x00000000faaa0000, 0x00000000fb000000, 0x0000000100000000)
   the space 5504K,  32% used [0x00000000faaa0000, 0x00000000fac5fc60, 0x00000000fac5fe00, 0x00000000fb000000)
 Metaspace       used 7381K, capacity 7797K, committed 7936K, reserved 1056768K
  class space    used 772K, capacity 962K, committed 1024K, reserved 1048576K
}
Event: 14.085 GC heap after
{Heap after GC invocations=5 (full 0):
 def new generation   total 2432K, used 237K [0x00000000f8000000, 0x00000000f82a0000, 0x00000000faaa0000)
  eden space 2176K,   0% used [0x00000000f8000000, 0x00000000f8000000, 0x00000000f8220000)
  from space 256K,  92% used [0x00000000f8260000, 0x00000000f829b608, 0x00000000f82a0000)
  to   space 256K,   0% used [0x00000000f8220000, 0x00000000f8220000, 0x00000000f8260000)
 tenured generation   total 5504K, used 2281K [0x00000000faaa0000, 0x00000000fb000000, 0x0000000100000000)
   the space 5504K,  41% used [0x00000000faaa0000, 0x00000000facda5d0, 0x00000000facda600, 0x00000000fb000000)
 Metaspace       used 7381K, capacity 7797K, committed 7936K, reserved 1056768K
  class space    used 772K, capacity 962K, committed 1024K, reserved 1048576K
}
Event: 14.192 GC heap before
{Heap before GC invocations=5 (full 0):
 def new generation   total 2432K, used 2411K [0x00000000f8000000, 0x00000000f82a0000, 0x00000000faaa0000)
  eden space 2176K,  99% used [0x00000000f8000000, 0x00000000f821f650, 0x00000000f8220000)
  from space 256K,  92% used [0x00000000f8260000, 0x00000000f829b608, 0x00000000f82a0000)
  to   space 256K,   0% used [0x00000000f8220000, 0x00000000f8220000, 0x00000000f8260000)
 tenured generation   total 5504K, used 2281K [0x00000000faaa0000, 0x00000000fb000000, 0x0000000100000000)
   the space 5504K,  41% used [0x00000000faaa0000, 0x00000000facda5d0, 0x00000000facda600, 0x00000000fb000000)
 Metaspace       used 7432K, capacity 7797K, committed 7936K, reserved 1056768K
  class space    used 779K, capacity 962K, committed 1024K, reserved 1048576K
}
Event: 14.196 GC heap after
{Heap after GC invocations=6 (full 0):
 def new generation   total 2432K, used 50K [0x00000000f8000000, 0x00000000f82a0000, 0x00000000faaa0000)
  eden space 2176K,   0% used [0x00000000f8000000, 0x00000000f8000000, 0x00000000f8220000)
  from space 256K,  19% used [0x00000000f8220000, 0x00000000f822c900, 0x00000000f8260000)
  to   space 256K,   0% used [0x00000000f8260000, 0x00000000f8260000, 0x00000000f82a0000)
 tenured generation   total 5504K, used 3399K [0x00000000faaa0000, 0x00000000fb000000, 0x0000000100000000)
   the space 5504K,  61% used [0x00000000faaa0000, 0x00000000fadf1ec0, 0x00000000fadf2000, 0x00000000fb000000)
 Metaspace       used 7432K, capacity 7797K, committed 7936K, reserved 1056768K
  class space    used 779K, capacity 962K, committed 1024K, reserved 1048576K
}
Event: 16.542 GC heap before
{Heap before GC invocations=6 (full 0):
 def new generation   total 2432K, used 2226K [0x00000000f8000000, 0x00000000f82a0000, 0x00000000faaa0000)
  eden space 2176K, 100% used [0x00000000f8000000, 0x00000000f8220000, 0x00000000f8220000)
  from space 256K,  19% used [0x00000000f8220000, 0x00000000f822c900, 0x00000000f8260000)
  to   space 256K,   0% used [0x00000000f8260000, 0x00000000f8260000, 0x00000000f82a0000)
 tenured generation   total 5504K, used 3399K [0x00000000faaa0000, 0x00000000fb000000, 0x0000000100000000)
   the space 5504K,  61% used [0x00000000faaa0000, 0x00000000fadf1ec0, 0x00000000fadf2000, 0x00000000fb000000)
 Metaspace       used 8586K, capacity 8955K, committed 9088K, reserved 1056768K
  class space    used 902K, capacity 1092K, committed 1152K, reserved 1048576K
}
Event: 16.786 GC heap after
{Heap after GC invocations=7 (full 0):
 def new generation   total 2432K, used 255K [0x00000000f8000000, 0x00000000f82a0000, 0x00000000faaa0000)
  eden space 2176K,   0% used [0x00000000f8000000, 0x00000000f8000000, 0x00000000f8220000)
  from space 256K,  99% used [0x00000000f8260000, 0x00000000f829fff8, 0x00000000f82a0000)
  to   space 256K,   0% used [0x00000000f8220000, 0x00000000f8220000, 0x00000000f8260000)
 tenured generation   total 5504K, used 4838K [0x00000000faaa0000, 0x00000000fb000000, 0x0000000100000000)
   the space 5504K,  87% used [0x00000000faaa0000, 0x00000000faf59ab0, 0x00000000faf59c00, 0x00000000fb000000)
 Metaspace       used 8586K, capacity 8955K, committed 9088K, reserved 1056768K
  class space    used 902K, capacity 1092K, committed 1152K, reserved 1048576K
}
Event: 107.490 GC heap before
{Heap before GC invocations=7 (full 0):
 def new generation   total 2432K, used 2431K [0x00000000f8000000, 0x00000000f82a0000, 0x00000000faaa0000)
  eden space 2176K, 100% used [0x00000000f8000000, 0x00000000f8220000, 0x00000000f8220000)
  from space 256K,  99% used [0x00000000f8260000, 0x00000000f829fff8, 0x00000000f82a0000)
  to   space 256K,   0% used [0x00000000f8220000, 0x00000000f8220000, 0x00000000f8260000)
 tenured generation   total 5504K, used 4838K [0x00000000faaa0000, 0x00000000fb000000, 0x0000000100000000)
   the space 5504K,  87% used [0x00000000faaa0000, 0x00000000faf59ab0, 0x00000000faf59c00, 0x00000000fb000000)
 Metaspace       used 9030K, capacity 9467K, committed 9856K, reserved 1058816K
  class space    used 907K, capacity 1092K, committed 1152K, reserved 1048576K
}
Event: 107.496 GC heap after
{Heap after GC invocations=8 (full 0):
 def new generation   total 2432K, used 20K [0x00000000f8000000, 0x00000000f82a0000, 0x00000000faaa0000)
  eden space 2176K,   0% used [0x00000000f8000000, 0x00000000f8000000, 0x00000000f8220000)
  from space 256K,   7% used [0x00000000f8220000, 0x00000000f82250c0, 0x00000000f8260000)
  to   space 256K,   0% used [0x00000000f8260000, 0x00000000f8260000, 0x00000000f82a0000)
 tenured generation   total 5504K, used 5092K [0x00000000faaa0000, 0x00000000fb000000, 0x0000000100000000)
   the space 5504K,  92% used [0x00000000faaa0000, 0x00000000faf99008, 0x00000000faf99200, 0x00000000fb000000)
 Metaspace       used 9030K, capacity 9467K, committed 9856K, reserved 1058816K
  class space    used 907K, capacity 1092K, committed 1152K, reserved 1048576K
}
Event: 169.120 GC heap before
{Heap before GC invocations=8 (full 0):
 def new generation   total 2432K, used 2196K [0x00000000f8000000, 0x00000000f82a0000, 0x00000000faaa0000)
  eden space 2176K, 100% used [0x00000000f8000000, 0x00000000f8220000, 0x00000000f8220000)
  from space 256K,   7% used [0x00000000f8220000, 0x00000000f82250c0, 0x00000000f8260000)
  to   space 256K,   0% used [0x00000000f8260000, 0x00000000f8260000, 0x00000000f82a0000)
 tenured generation   total 5504K, used 5092K [0x00000000faaa0000, 0x00000000fb000000, 0x0000000100000000)
   the space 5504K,  92% used [0x00000000faaa0000, 0x00000000faf99008, 0x00000000faf99200, 0x00000000fb000000)
 Metaspace       used 9031K, capacity 9467K, committed 9856K, reserved 1058816K
  class space    used 907K, capacity 1092K, committed 1152K, reserved 1048576K
}
Event: 169.121 GC heap after
{Heap after GC invocations=9 (full 0):
 def new generation   total 2432K, used 42K [0x00000000f8000000, 0x00000000f82a0000, 0x00000000faaa0000)
  eden space 2176K,   0% used [0x00000000f8000000, 0x00000000f8000000, 0x00000000f8220000)
  from space 256K,  16% used [0x00000000f8260000, 0x00000000f826aa88, 0x00000000f82a0000)
  to   space 256K,   0% used [0x00000000f8220000, 0x00000000f8220000, 0x00000000f8260000)
 tenured generation   total 5504K, used 5092K [0x00000000faaa0000, 0x00000000fb000000, 0x0000000100000000)
   the space 5504K,  92% used [0x00000000faaa0000, 0x00000000faf99008, 0x00000000faf99200, 0x00000000fb000000)
 Metaspace       used 9031K, capacity 9467K, committed 9856K, reserved 1058816K
  class space    used 907K, capacity 1092K, committed 1152K, reserved 1048576K
}
Event: 229.375 GC heap before
{Heap before GC invocations=9 (full 0):
 def new generation   total 2432K, used 2218K [0x00000000f8000000, 0x00000000f82a0000, 0x00000000faaa0000)
  eden space 2176K,  99% used [0x00000000f8000000, 0x00000000f821ffc8, 0x00000000f8220000)
  from space 256K,  16% used [0x00000000f8260000, 0x00000000f826aa88, 0x00000000f82a0000)
  to   space 256K,   0% used [0x00000000f8220000, 0x00000000f8220000, 0x00000000f8260000)
 tenured generation   total 5504K, used 5092K [0x00000000faaa0000, 0x00000000fb000000, 0x0000000100000000)
   the space 5504K,  92% used [0x00000000faaa0000, 0x00000000faf99008, 0x00000000faf99200, 0x00000000fb000000)
 Metaspace       used 9054K, capacity 9468K, committed 9856K, reserved 1058816K
  class space    used 907K, capacity 1092K, committed 1152K, reserved 1048576K
}
Event: 229.376 GC heap after
{Heap after GC invocations=10 (full 0):
 def new generation   total 2432K, used 42K [0x00000000f8000000, 0x00000000f82a0000, 0x00000000faaa0000)
  eden space 2176K,   0% used [0x00000000f8000000, 0x00000000f8000000, 0x00000000f8220000)
  from space 256K,  16% used [0x00000000f8220000, 0x00000000f822abe8, 0x00000000f8260000)
  to   space 256K,   0% used [0x00000000f8260000, 0x00000000f8260000, 0x00000000f82a0000)
 tenured generation   total 5504K, used 5092K [0x00000000faaa0000, 0x00000000fb000000, 0x0000000100000000)
   the space 5504K,  92% used [0x00000000faaa0000, 0x00000000faf99008, 0x00000000faf99200, 0x00000000fb000000)
 Metaspace       used 9054K, capacity 9468K, committed 9856K, reserved 1058816K
  class space    used 907K, capacity 1092K, committed 1152K, reserved 1048576K
}
Event: 300.209 GC heap before
{Heap before GC invocations=10 (full 0):
 def new generation   total 2432K, used 2218K [0x00000000f8000000, 0x00000000f82a0000, 0x00000000faaa0000)
  eden space 2176K, 100% used [0x00000000f8000000, 0x00000000f8220000, 0x00000000f8220000)
  from space 256K,  16% used [0x00000000f8220000, 0x00000000f822abe8, 0x00000000f8260000)
  to   space 256K,   0% used [0x00000000f8260000, 0x00000000f8260000, 0x00000000f82a0000)
 tenured generation   total 5504K, used 5092K [0x00000000faaa0000, 0x00000000fb000000, 0x0000000100000000)
   the space 5504K,  92% used [0x00000000faaa0000, 0x00000000faf99008, 0x00000000faf99200, 0x00000000fb000000)
 Metaspace       used 9094K, capacity 9468K, committed 9856K, reserved 1058816K
  class space    used 907K, capacity 1092K, committed 1152K, reserved 1048576K
}
Event: 300.210 GC heap after
{Heap after GC invocations=11 (full 0):
 def new generation   total 2432K, used 45K [0x00000000f8000000, 0x00000000f82a0000, 0x00000000faaa0000)
  eden space 2176K,   0% used [0x00000000f8000000, 0x00000000f8000000, 0x00000000f8220000)
  from space 256K,  17% used [0x00000000f8260000, 0x00000000f826b730, 0x00000000f82a0000)
  to   space 256K,   0% used [0x00000000f8220000, 0x00000000f8220000, 0x00000000f8260000)
 tenured generation   total 5504K, used 5092K [0x00000000faaa0000, 0x00000000fb000000, 0x0000000100000000)
   the space 5504K,  92% used [0x00000000faaa0000, 0x00000000faf99008, 0x00000000faf99200, 0x00000000fb000000)
 Metaspace       used 9094K, capacity 9468K, committed 9856K, reserved 1058816K
  class space    used 907K, capacity 1092K, committed 1152K, reserved 1048576K
}
Event: 371.911 GC heap before
{Heap before GC invocations=11 (full 0):
 def new generation   total 2432K, used 2221K [0x00000000f8000000, 0x00000000f82a0000, 0x00000000faaa0000)
  eden space 2176K, 100% used [0x00000000f8000000, 0x00000000f8220000, 0x00000000f8220000)
  from space 256K,  17% used [0x00000000f8260000, 0x00000000f826b730, 0x00000000f82a0000)
  to   space 256K,   0% used [0x00000000f8220000, 0x00000000f8220000, 0x00000000f8260000)
 tenured generation   total 5504K, used 5092K [0x00000000faaa0000, 0x00000000fb000000, 0x0000000100000000)
   the space 5504K,  92% used [0x00000000faaa0000, 0x00000000faf99008, 0x00000000faf99200, 0x00000000fb000000)
 Metaspace       used 9094K, capacity 9468K, committed 9856K, reserved 1058816K
  class space    used 907K, capacity 1092K, committed 1152K, reserved 1048576K
}
Event: 371.912 GC heap after
{Heap after GC invocations=12 (full 0):
 def new generation   total 2432K, used 45K [0x00000000f8000000, 0x00000000f82a0000, 0x00000000faaa0000)
  eden space 2176K,   0% used [0x00000000f8000000, 0x00000000f8000000, 0x00000000f8220000)
  from space 256K,  17% used [0x00000000f8220000, 0x00000000f822b710, 0x00000000f8260000)
  to   space 256K,   0% used [0x00000000f8260000, 0x00000000f8260000, 0x00000000f82a0000)
 tenured generation   total 5504K, used 5092K [0x00000000faaa0000, 0x00000000fb000000, 0x0000000100000000)
   the space 5504K,  92% used [0x00000000faaa0000, 0x00000000faf99008, 0x00000000faf99200, 0x00000000fb000000)
 Metaspace       used 9094K, capacity 9468K, committed 9856K, reserved 1058816K
  class space    used 907K, capacity 1092K, committed 1152K, reserved 1048576K
}
Event: 443.913 GC heap before
{Heap before GC invocations=12 (full 0):
 def new generation   total 2432K, used 2221K [0x00000000f8000000, 0x00000000f82a0000, 0x00000000faaa0000)
  eden space 2176K, 100% used [0x00000000f8000000, 0x00000000f8220000, 0x00000000f8220000)
  from space 256K,  17% used [0x00000000f8220000, 0x00000000f822b710, 0x00000000f8260000)
  to   space 256K,   0% used [0x00000000f8260000, 0x00000000f8260000, 0x00000000f82a0000)
 tenured generation   total 5504K, used 5092K [0x00000000faaa0000, 0x00000000fb000000, 0x0000000100000000)
   the space 5504K,  92% used [0x00000000faaa0000, 0x00000000faf99008, 0x00000000faf99200, 0x00000000fb000000)
 Metaspace       used 9094K, capacity 9468K, committed 9856K, reserved 1058816K
  class space    used 907K, capacity 1092K, committed 1152K, reserved 1048576K
}
Event: 443.915 GC heap after
{Heap after GC invocations=13 (full 0):
 def new generation   total 2432K, used 45K [0x00000000f8000000, 0x00000000f82a0000, 0x00000000faaa0000)
  eden space 2176K,   0% used [0x00000000f8000000, 0x00000000f8000000, 0x00000000f8220000)
  from space 256K,  17% used [0x00000000f8260000, 0x00000000f826b710, 0x00000000f82a0000)
  to   space 256K,   0% used [0x00000000f8220000, 0x00000000f8220000, 0x00000000f8260000)
 tenured generation   total 5504K, used 5092K [0x00000000faaa0000, 0x00000000fb000000, 0x0000000100000000)
   the space 5504K,  92% used [0x00000000faaa0000, 0x00000000faf99008, 0x00000000faf99200, 0x00000000fb000000)
 Metaspace       used 9094K, capacity 9468K, committed 9856K, reserved 1058816K
  class space    used 907K, capacity 1092K, committed 1152K, reserved 1048576K
}

